d:\projects\uaf\src\convertfrua\debug\vc140.pdb
d:\projects\uaf\src\convertfrua\debug\event_quest.obj
d:\projects\uaf\src\convertfrua\debug\event_password.obj
d:\projects\uaf\src\convertfrua\debug\event_passtime.obj
d:\projects\uaf\src\convertfrua\debug\event_null.obj
d:\projects\uaf\src\convertfrua\debug\event_npcsays.obj
d:\projects\uaf\src\convertfrua\debug\event_monster.obj
d:\projects\uaf\src\convertfrua\debug\event_journal.obj
d:\projects\uaf\src\convertfrua\debug\event_healparty.obj
d:\projects\uaf\src\convertfrua\debug\event_guidedtour.obj
d:\projects\uaf\src\convertfrua\debug\event_givetreasure.obj
d:\projects\uaf\src\convertfrua\debug\event_givedamage.obj
d:\projects\uaf\src\convertfrua\debug\event_gainexperience.obj
d:\projects\uaf\src\convertfrua\debug\event_encounter.obj
d:\projects\uaf\src\convertfrua\debug\event_combattreasure.obj
d:\projects\uaf\src\convertfrua\debug\event_combat.obj
d:\projects\uaf\src\convertfrua\debug\event_chain.obj
d:\projects\uaf\src\convertfrua\debug\event_camp.obj
d:\projects\uaf\src\convertfrua\debug\event_addnpc.obj
d:\projects\uaf\src\convertfrua\debug\convertfrua.obj
d:\projects\uaf\src\convertfrua\debug\class.obj
d:\projects\uaf\src\convertfrua\debug\event_vault.obj
d:\projects\uaf\src\convertfrua\debug\event_utilities.obj
d:\projects\uaf\src\convertfrua\debug\event_traininghall.obj
d:\projects\uaf\src\convertfrua\debug\event_tour.obj
d:\projects\uaf\src\convertfrua\debug\event_textstatement.obj
d:\projects\uaf\src\convertfrua\debug\event_temple.obj
d:\projects\uaf\src\convertfrua\debug\event_teleporter.obj
d:\projects\uaf\src\convertfrua\debug\event_taverntales.obj
d:\projects\uaf\src\convertfrua\debug\event_tavern.obj
d:\projects\uaf\src\convertfrua\debug\event_takepartyitems.obj
d:\projects\uaf\src\convertfrua\debug\event_specialitems.obj
d:\projects\uaf\src\convertfrua\debug\event_sound.obj
d:\projects\uaf\src\convertfrua\debug\event_smalltown.obj
d:\projects\uaf\src\convertfrua\debug\event_shop.obj
d:\projects\uaf\src\convertfrua\debug\event_rest.obj
d:\projects\uaf\src\convertfrua\debug\event_removenpc.obj
d:\projects\uaf\src\convertfrua\debug\event_random.obj
d:\projects\uaf\src\convertfrua\debug\event_questionyesno.obj
d:\projects\uaf\src\convertfrua\debug\event_questionlist.obj
d:\projects\uaf\src\convertfrua\debug\event_questionbutton.obj
d:\projects\uaf\src\convertfrua\debug\transfermodule.obj
d:\projects\uaf\src\convertfrua\debug\stepevents.obj
d:\projects\uaf\src\convertfrua\debug\stdafx.obj
d:\projects\uaf\src\convertfrua\debug\spells.obj
d:\projects\uaf\src\convertfrua\debug\monsters.obj
d:\projects\uaf\src\convertfrua\debug\miscellaneous.obj
d:\projects\uaf\src\convertfrua\debug\mapgrid.obj
d:\projects\uaf\src\convertfrua\debug\levels.obj
d:\projects\uaf\src\convertfrua\debug\j.obj
d:\projects\uaf\src\convertfrua\debug\items.obj
d:\projects\uaf\src\convertfrua\debug\globals.obj
d:\projects\uaf\src\convertfrua\debug\event_whotries.obj
d:\projects\uaf\src\convertfrua\debug\event_whopays.obj
d:\projects\uaf\src\convertfrua\debug\convertfrua.exe
d:\projects\uaf\src\convertfrua\debug\convertfrua.pdb
d:\projects\uaf\src\convertfrua\debug\convertfrua.res
d:\projects\uaf\src\convertfrua\debug\convertf.4788a948.tlog\cl.command.1.tlog
d:\projects\uaf\src\convertfrua\debug\convertf.4788a948.tlog\cl.read.1.tlog
d:\projects\uaf\src\convertfrua\debug\convertf.4788a948.tlog\cl.write.1.tlog
d:\projects\uaf\src\convertfrua\debug\convertf.4788a948.tlog\link.command.1.tlog
d:\projects\uaf\src\convertfrua\debug\convertf.4788a948.tlog\link.read.1.tlog
d:\projects\uaf\src\convertfrua\debug\convertf.4788a948.tlog\link.write.1.tlog
d:\projects\uaf\src\convertfrua\debug\convertf.4788a948.tlog\rc.command.1.tlog
d:\projects\uaf\src\convertfrua\debug\convertf.4788a948.tlog\rc.read.1.tlog
d:\projects\uaf\src\convertfrua\debug\convertf.4788a948.tlog\rc.write.1.tlog
