d:\projects\uaf\src\convertfrua\release\vc140.pdb
d:\projects\uaf\src\convertfrua\release\miscellaneous.obj
d:\projects\uaf\src\convertfrua\release\event_whopays.obj
d:\projects\uaf\src\convertfrua\release\convertfrua.obj
d:\projects\uaf\src\convertfrua\release\event_quest.obj
d:\projects\uaf\src\convertfrua\release\event_password.obj
d:\projects\uaf\src\convertfrua\release\event_passtime.obj
d:\projects\uaf\src\convertfrua\release\event_null.obj
d:\projects\uaf\src\convertfrua\release\event_npcsays.obj
d:\projects\uaf\src\convertfrua\release\event_monster.obj
d:\projects\uaf\src\convertfrua\release\event_journal.obj
d:\projects\uaf\src\convertfrua\release\event_healparty.obj
d:\projects\uaf\src\convertfrua\release\event_guidedtour.obj
d:\projects\uaf\src\convertfrua\release\event_givetreasure.obj
d:\projects\uaf\src\convertfrua\release\event_givedamage.obj
d:\projects\uaf\src\convertfrua\release\event_gainexperience.obj
d:\projects\uaf\src\convertfrua\release\event_encounter.obj
d:\projects\uaf\src\convertfrua\release\event_combattreasure.obj
d:\projects\uaf\src\convertfrua\release\event_combat.obj
d:\projects\uaf\src\convertfrua\release\event_chain.obj
d:\projects\uaf\src\convertfrua\release\event_camp.obj
d:\projects\uaf\src\convertfrua\release\event_addnpc.obj
d:\projects\uaf\src\convertfrua\release\class.obj
d:\projects\uaf\src\convertfrua\release\event_vault.obj
d:\projects\uaf\src\convertfrua\release\event_utilities.obj
d:\projects\uaf\src\convertfrua\release\event_traininghall.obj
d:\projects\uaf\src\convertfrua\release\event_tour.obj
d:\projects\uaf\src\convertfrua\release\event_textstatement.obj
d:\projects\uaf\src\convertfrua\release\event_temple.obj
d:\projects\uaf\src\convertfrua\release\event_teleporter.obj
d:\projects\uaf\src\convertfrua\release\event_taverntales.obj
d:\projects\uaf\src\convertfrua\release\event_tavern.obj
d:\projects\uaf\src\convertfrua\release\event_takepartyitems.obj
d:\projects\uaf\src\convertfrua\release\event_specialitems.obj
d:\projects\uaf\src\convertfrua\release\event_sound.obj
d:\projects\uaf\src\convertfrua\release\event_smalltown.obj
d:\projects\uaf\src\convertfrua\release\event_shop.obj
d:\projects\uaf\src\convertfrua\release\event_rest.obj
d:\projects\uaf\src\convertfrua\release\event_removenpc.obj
d:\projects\uaf\src\convertfrua\release\event_random.obj
d:\projects\uaf\src\convertfrua\release\event_questionyesno.obj
d:\projects\uaf\src\convertfrua\release\event_questionlist.obj
d:\projects\uaf\src\convertfrua\release\event_questionbutton.obj
d:\projects\uaf\src\convertfrua\release\transfermodule.obj
d:\projects\uaf\src\convertfrua\release\stepevents.obj
d:\projects\uaf\src\convertfrua\release\stdafx.obj
d:\projects\uaf\src\convertfrua\release\spells.obj
d:\projects\uaf\src\convertfrua\release\monsters.obj
d:\projects\uaf\src\convertfrua\release\mapgrid.obj
d:\projects\uaf\src\convertfrua\release\levels.obj
d:\projects\uaf\src\convertfrua\release\j.obj
d:\projects\uaf\src\convertfrua\release\items.obj
d:\projects\uaf\src\convertfrua\release\globals.obj
d:\projects\uaf\src\convertfrua\release\event_whotries.obj
d:\projects\uaf\src\convertfrua\release\npc.obj
d:\projects\uaf\src\convertfrua\release\capitalize.obj
d:\projects\uaf\src\convertfrua\release\convertfrua_vs2012.exe
d:\projects\uaf\src\convertfrua\release\convertfrua_vs2012.ipdb
d:\projects\uaf\src\convertfrua\release\convertfrua_vs2012.iobj
d:\projects\uaf\src\convertfrua\release\convertfrua_vs2012.pdb
d:\projects\uaf\src\convertfrua\release\convertfrua.res
c:\dev\frua_convert\convertfrua\release\capitalize.obj
c:\dev\frua_convert\convertfrua\release\class.obj
c:\dev\frua_convert\convertfrua\release\convertfrua.obj
c:\dev\frua_convert\convertfrua\release\event_addnpc.obj
c:\dev\frua_convert\convertfrua\release\event_camp.obj
c:\dev\frua_convert\convertfrua\release\event_chain.obj
c:\dev\frua_convert\convertfrua\release\event_combat.obj
c:\dev\frua_convert\convertfrua\release\event_combattreasure.obj
c:\dev\frua_convert\convertfrua\release\event_encounter.obj
c:\dev\frua_convert\convertfrua\release\event_gainexperience.obj
c:\dev\frua_convert\convertfrua\release\event_givedamage.obj
c:\dev\frua_convert\convertfrua\release\event_givetreasure.obj
c:\dev\frua_convert\convertfrua\release\event_guidedtour.obj
c:\dev\frua_convert\convertfrua\release\event_healparty.obj
c:\dev\frua_convert\convertfrua\release\event_journal.obj
c:\dev\frua_convert\convertfrua\release\event_monster.obj
c:\dev\frua_convert\convertfrua\release\event_npcsays.obj
c:\dev\frua_convert\convertfrua\release\event_null.obj
c:\dev\frua_convert\convertfrua\release\event_passtime.obj
c:\dev\frua_convert\convertfrua\release\event_password.obj
c:\dev\frua_convert\convertfrua\release\event_quest.obj
c:\dev\frua_convert\convertfrua\release\event_questionbutton.obj
c:\dev\frua_convert\convertfrua\release\event_questionlist.obj
c:\dev\frua_convert\convertfrua\release\event_questionyesno.obj
c:\dev\frua_convert\convertfrua\release\event_random.obj
c:\dev\frua_convert\convertfrua\release\event_removenpc.obj
c:\dev\frua_convert\convertfrua\release\event_rest.obj
c:\dev\frua_convert\convertfrua\release\event_shop.obj
c:\dev\frua_convert\convertfrua\release\event_smalltown.obj
c:\dev\frua_convert\convertfrua\release\event_sound.obj
c:\dev\frua_convert\convertfrua\release\event_specialitems.obj
c:\dev\frua_convert\convertfrua\release\event_takepartyitems.obj
c:\dev\frua_convert\convertfrua\release\event_tavern.obj
c:\dev\frua_convert\convertfrua\release\event_taverntales.obj
c:\dev\frua_convert\convertfrua\release\event_teleporter.obj
c:\dev\frua_convert\convertfrua\release\event_temple.obj
c:\dev\frua_convert\convertfrua\release\event_textstatement.obj
c:\dev\frua_convert\convertfrua\release\event_tour.obj
c:\dev\frua_convert\convertfrua\release\event_traininghall.obj
c:\dev\frua_convert\convertfrua\release\event_utilities.obj
c:\dev\frua_convert\convertfrua\release\event_vault.obj
c:\dev\frua_convert\convertfrua\release\event_whopays.obj
c:\dev\frua_convert\convertfrua\release\event_whotries.obj
c:\dev\frua_convert\convertfrua\release\globals.obj
c:\dev\frua_convert\convertfrua\release\items.obj
c:\dev\frua_convert\convertfrua\release\j.obj
c:\dev\frua_convert\convertfrua\release\levels.obj
c:\dev\frua_convert\convertfrua\release\mapgrid.obj
c:\dev\frua_convert\convertfrua\release\miscellaneous.obj
c:\dev\frua_convert\convertfrua\release\monsters.obj
c:\dev\frua_convert\convertfrua\release\npc.obj
c:\dev\frua_convert\convertfrua\release\spells.obj
c:\dev\frua_convert\convertfrua\release\stdafx.obj
c:\dev\frua_convert\convertfrua\release\stepevents.obj
c:\dev\frua_convert\convertfrua\release\transfermodule.obj
c:\dev\frua_convert\convertfrua\release\convertfrua_vs2012.ipdb
c:\dev\frua_convert\convertfrua\release\convertfrua_vs2012.iobj
c:\dev\frua_convert\convertfrua\release\convertfrua.res
c:\dev\frua_convert\convertfrua\release\convertfrua_vs2012.pdb
c:\dev\frua_convert\convertfrua\release\vc140.pdb
c:\dev\frua_convert\convertfrua\release\convertf.4788a948.tlog\cl.command.1.tlog
c:\dev\frua_convert\convertfrua\release\convertf.4788a948.tlog\cl.read.1.tlog
c:\dev\frua_convert\convertfrua\release\convertf.4788a948.tlog\cl.write.1.tlog
c:\dev\frua_convert\convertfrua\release\convertf.4788a948.tlog\link.command.1.tlog
c:\dev\frua_convert\convertfrua\release\convertf.4788a948.tlog\link.read.1.tlog
c:\dev\frua_convert\convertfrua\release\convertf.4788a948.tlog\link.write.1.tlog
c:\dev\frua_convert\convertfrua\release\convertf.4788a948.tlog\rc.command.1.tlog
c:\dev\frua_convert\convertfrua\release\convertf.4788a948.tlog\rc.read.1.tlog
c:\dev\frua_convert\convertfrua\release\convertf.4788a948.tlog\rc.write.1.tlog
